0 info it worked if it ends with ok
1 verbose cli [ '/usr/bin/node', '/usr/bin/npm', 'install', 'Cltags' ]
2 info using npm@1.4.3
3 info using node@v0.10.26
4 verbose node symlink /usr/bin/node
5 verbose readDependencies using package.json deps
6 verbose cache add [ 'Cltags', null ]
7 verbose cache add name=undefined spec="Cltags" args=["Cltags",null]
8 verbose parsed url { protocol: null,
8 verbose parsed url   slashes: null,
8 verbose parsed url   auth: null,
8 verbose parsed url   host: null,
8 verbose parsed url   port: null,
8 verbose parsed url   hostname: null,
8 verbose parsed url   hash: null,
8 verbose parsed url   search: null,
8 verbose parsed url   query: null,
8 verbose parsed url   pathname: 'Cltags',
8 verbose parsed url   path: 'Cltags',
8 verbose parsed url   href: 'Cltags' }
9 silly lockFile 00c278b2-Cltags Cltags
10 verbose lock Cltags /home/carlwrightii/.npm/00c278b2-Cltags.lock
11 silly lockFile 00c278b2-Cltags Cltags
12 silly lockFile 00c278b2-Cltags Cltags
13 verbose addNamed [ 'Cltags', '' ]
14 verbose addNamed [ null, '*' ]
15 silly lockFile 0c85d316-Cltags Cltags@
16 verbose lock Cltags@ /home/carlwrightii/.npm/0c85d316-Cltags.lock
17 silly addNameRange { name: 'Cltags', range: '*', hasData: false }
18 verbose url raw Cltags
19 verbose url resolving [ 'https://registry.npmjs.org/', './Cltags' ]
20 verbose url resolved https://registry.npmjs.org/Cltags
21 info trying registry request attempt 1 at 16:57:52
22 http GET https://registry.npmjs.org/Cltags
23 info retry will retry, error on last attempt: Error: getaddrinfo ENOTFOUND
24 info trying registry request attempt 2 at 16:58:43
25 http GET https://registry.npmjs.org/Cltags
26 info retry will retry, error on last attempt: Error: getaddrinfo ENOTFOUND
27 info trying registry request attempt 3 at 17:00:23
28 http GET https://registry.npmjs.org/Cltags
29 silly lockFile 0c85d316-Cltags Cltags@
30 silly lockFile 0c85d316-Cltags Cltags@
31 error network getaddrinfo ENOTFOUND
31 error network This is most likely not a problem with npm itself
31 error network and is related to network connectivity.
31 error network In most cases you are behind a proxy or have bad network settings.
31 error network
31 error network If you are behind a proxy, please make sure that the
31 error network 'proxy' config is set properly.  See: 'npm help config'
32 error System Linux 3.11.0-12-generic
33 error command "/usr/bin/node" "/usr/bin/npm" "install" "Cltags"
34 error cwd /home/carlwrightii/IS217/myapp/lib
35 error node -v v0.10.26
36 error npm -v 1.4.3
37 error syscall getaddrinfo
38 error code ENOTFOUND
39 error errno ENOTFOUND
40 verbose exit [ 1, true ]
